
> dhacle-v2@0.2.1 types:check
> tsc --noEmit

src/app/certificates/[id]/page.tsx(20,49): error TS2345: Argument of type '(UserCertificate & { user?: { id: string; username: string; nickname: string; profile_image_url?: string | undefined; } | undefined; course?: { id: string; title: string; description?: string | undefined; instructor_name?: string | undefined; thumbnail_url?: string | undefined; } | undefined; }) | null | undefined' is not assignable to parameter of type 'UserCertificate | null'.
  Type 'undefined' is not assignable to type 'UserCertificate | null'.
src/app/learn/[courseId]/[lessonId]/page.tsx(49,49): error TS2345: Argument of type 'UserCertificate | null | undefined' is not assignable to parameter of type 'UserCertificate | null'.
  Type 'undefined' is not assignable to type 'UserCertificate | null'.
src/app/learn/[courseId]/[lessonId]/page.tsx(90,17): error TS2769: No overload matches this call.
  Overload 1 of 2, '(relation: "adminnotifications" | "alert_rules" | "alerts" | "analytics_logs" | "analyticslogs" | "api_usage" | "badges" | "channel_subscriptions" | "channels" | "channelsubscriptions" | ... 49 more ... | "youtube_search_history"): PostgrestQueryBuilder<...>', gave the following error.
    Argument of type '"courseProgressExtended"' is not assignable to parameter of type '"adminnotifications" | "alert_rules" | "alerts" | "analytics_logs" | "analyticslogs" | "api_usage" | "badges" | "channel_subscriptions" | "channels" | "channelsubscriptions" | ... 49 more ... | "youtube_search_history"'.
  Overload 2 of 2, '(relation: "profiles"): PostgrestQueryBuilder<{ Tables: { adminnotifications: { Row: { assigned_to: string | null; created_at: string; created_by: string | null; data: Json; id: string; is_read: boolean | null; ... 8 more ...; updated_at: string; }; Insert: { ...; }; Update: { ...; }; Relationships: []; }; ... 58 more ...; youtube_search_history: { ...; }; }; Views: { ...; }; Functions: { ...; }; Enums: {}; CompositeTypes: {}; }, { ...; }, "profiles", []>', gave the following error.
    Argument of type '"courseProgressExtended"' is not assignable to parameter of type '"profiles"'.
src/app/learn/[courseId]/[lessonId]/page.tsx(95,13): error TS18047: 'progress_data' is possibly 'null'.
src/app/learn/[courseId]/[lessonId]/page.tsx(96,24): error TS2345: Argument of type '({ category: string; content: string; created_at: string | null; id: string; is_locked: boolean | null; is_pinned: boolean | null; title: string; updated_at: string | null; user_id: string | null; view_count: number | null; } | ... 58 more ... | { ...; })[] | null' is not assignable to parameter of type 'SetStateAction<CourseProgress[]>'.
  Type 'null' is not assignable to type 'SetStateAction<CourseProgress[]>'.
src/app/learn/[courseId]/[lessonId]/page.tsx(99,36): error TS18047: 'progress_data' is possibly 'null'.
src/app/learn/[courseId]/[lessonId]/page.tsx(99,64): error TS2339: Property 'lesson_id' does not exist on type '{ category: string; content: string; created_at: string | null; id: string; is_locked: boolean | null; is_pinned: boolean | null; title: string; updated_at: string | null; user_id: string | null; view_count: number | null; } | ... 58 more ... | { ...; }'.
  Property 'lesson_id' does not exist on type '{ category: string; content: string; created_at: string | null; id: string; is_locked: boolean | null; is_pinned: boolean | null; title: string; updated_at: string | null; user_id: string | null; view_count: number | null; }'.
src/app/learn/[courseId]/[lessonId]/page.tsx(100,33): error TS2339: Property 'notes' does not exist on type '{ category: string; content: string; created_at: string | null; id: string; is_locked: boolean | null; is_pinned: boolean | null; title: string; updated_at: string | null; user_id: string | null; view_count: number | null; } | ... 58 more ... | { ...; }'.
  Property 'notes' does not exist on type '{ category: string; content: string; created_at: string | null; id: string; is_locked: boolean | null; is_pinned: boolean | null; title: string; updated_at: string | null; user_id: string | null; view_count: number | null; }'.
src/app/learn/[courseId]/[lessonId]/page.tsx(101,40): error TS2339: Property 'notes' does not exist on type '{ category: string; content: string; created_at: string | null; id: string; is_locked: boolean | null; is_pinned: boolean | null; title: string; updated_at: string | null; user_id: string | null; view_count: number | null; } | ... 58 more ... | { ...; }'.
  Property 'notes' does not exist on type '{ category: string; content: string; created_at: string | null; id: string; is_locked: boolean | null; is_pinned: boolean | null; title: string; updated_at: string | null; user_id: string | null; view_count: number | null; }'.
src/app/learn/[courseId]/[lessonId]/page.tsx(128,45): error TS2769: No overload matches this call.
  Overload 1 of 2, '(relation: "adminnotifications" | "alert_rules" | "alerts" | "analytics_logs" | "analyticslogs" | "api_usage" | "badges" | "channel_subscriptions" | "channels" | "channelsubscriptions" | ... 49 more ... | "youtube_search_history"): PostgrestQueryBuilder<...>', gave the following error.
    Argument of type '"courseProgressExtended"' is not assignable to parameter of type '"adminnotifications" | "alert_rules" | "alerts" | "analytics_logs" | "analyticslogs" | "api_usage" | "badges" | "channel_subscriptions" | "channels" | "channelsubscriptions" | ... 49 more ... | "youtube_search_history"'.
  Overload 2 of 2, '(relation: "profiles"): PostgrestQueryBuilder<{ Tables: { adminnotifications: { Row: { assigned_to: string | null; created_at: string; created_by: string | null; data: Json; id: string; is_read: boolean | null; ... 8 more ...; updated_at: string; }; Insert: { ...; }; Update: { ...; }; Relationships: []; }; ... 58 more ...; youtube_search_history: { ...; }; }; Views: { ...; }; Functions: { ...; }; Enums: {}; CompositeTypes: {}; }, { ...; }, "profiles", []>', gave the following error.
    Argument of type '"courseProgressExtended"' is not assignable to parameter of type '"profiles"'.
src/components/layout/Header.tsx(3,10): error TS2724: '"@/lib/supabase/browser-client"' has no exported member named 'createSupabaseBrowserClient'. Did you mean 'createBrowserClient'?
src/components/WebVitals.tsx(23,9): error TS18046: 'gtag' is of type 'unknown'.
src/hooks/queries/useAdminQueries.ts(57,5): error TS2769: No overload matches this call.
  Overload 1 of 3, '(options: DefinedInitialDataInfiniteOptions<PaginatedResponse<unknown>, Error, InfiniteData<PaginatedResponse<unknown>, unknown>, readonly ["admin", "users", (AdminUserFilters | undefined)?], number>, queryClient?: QueryClient | undefined): DefinedUseInfiniteQueryResult<...>', gave the following error.
    Type 'readonly ["admin", "users", FilterParams | undefined]' is not assignable to type 'readonly ["admin", "users", (AdminUserFilters | undefined)?]'.
      Type at position 2 in source is not compatible with type at position 2 in target.
        Type 'FilterParams | undefined' is not assignable to type 'AdminUserFilters | undefined'.
          Type 'FilterParams' is not assignable to type 'AdminUserFilters'.
            Types of property 'status' are incompatible.
              Type 'string | undefined' is not assignable to type '"active" | "suspended" | "deleted" | undefined'.
                Type 'string' is not assignable to type '"active" | "suspended" | "deleted" | undefined'.
  Overload 2 of 3, '(options: UndefinedInitialDataInfiniteOptions<PaginatedResponse<unknown>, Error, InfiniteData<PaginatedResponse<unknown>, unknown>, readonly ["admin", "users", (AdminUserFilters | undefined)?], number>, queryClient?: QueryClient | undefined): UseInfiniteQueryResult<...>', gave the following error.
    Type 'readonly ["admin", "users", FilterParams | undefined]' is not assignable to type 'readonly ["admin", "users", (AdminUserFilters | undefined)?]'.
      Type at position 2 in source is not compatible with type at position 2 in target.
        Type 'FilterParams | undefined' is not assignable to type 'AdminUserFilters | undefined'.
          Type 'FilterParams' is not assignable to type 'AdminUserFilters'.
            Types of property 'status' are incompatible.
              Type 'string | undefined' is not assignable to type '"active" | "suspended" | "deleted" | undefined'.
                Type 'string' is not assignable to type '"active" | "suspended" | "deleted" | undefined'.
  Overload 3 of 3, '(options: UseInfiniteQueryOptions<PaginatedResponse<unknown>, Error, InfiniteData<PaginatedResponse<unknown>, unknown>, readonly ["admin", "users", (AdminUserFilters | undefined)?], number>, queryClient?: QueryClient | undefined): UseInfiniteQueryResult<...>', gave the following error.
    Type 'readonly ["admin", "users", FilterParams | undefined]' is not assignable to type 'readonly ["admin", "users", (AdminUserFilters | undefined)?]'.
      Type at position 2 in source is not compatible with type at position 2 in target.
        Type 'FilterParams | undefined' is not assignable to type 'AdminUserFilters | undefined'.
          Type 'FilterParams' is not assignable to type 'AdminUserFilters'.
            Types of property 'status' are incompatible.
              Type 'string | undefined' is not assignable to type '"active" | "suspended" | "deleted" | undefined'.
                Type 'string' is not assignable to type '"active" | "suspended" | "deleted" | undefined'.
src/hooks/queries/useAdminQueries.ts(205,5): error TS2769: No overload matches this call.
  Overload 1 of 3, '(options: DefinedInitialDataInfiniteOptions<PaginatedResponse<unknown>, Error, InfiniteData<PaginatedResponse<unknown>, unknown>, readonly ["admin", "logs", (AdminLogFilters | undefined)?], number>, queryClient?: QueryClient | undefined): DefinedUseInfiniteQueryResult<...>', gave the following error.
    Type 'readonly ["admin", "logs", FilterParams | undefined]' is not assignable to type 'readonly ["admin", "logs", (AdminLogFilters | undefined)?]'.
      Type at position 2 in source is not compatible with type at position 2 in target.
        Type 'FilterParams | undefined' is not assignable to type 'AdminLogFilters | undefined'.
          Type 'FilterParams' has no properties in common with type 'AdminLogFilters'.
  Overload 2 of 3, '(options: UndefinedInitialDataInfiniteOptions<PaginatedResponse<unknown>, Error, InfiniteData<PaginatedResponse<unknown>, unknown>, readonly ["admin", "logs", (AdminLogFilters | undefined)?], number>, queryClient?: QueryClient | undefined): UseInfiniteQueryResult<...>', gave the following error.
    Type 'readonly ["admin", "logs", FilterParams | undefined]' is not assignable to type 'readonly ["admin", "logs", (AdminLogFilters | undefined)?]'.
      Type at position 2 in source is not compatible with type at position 2 in target.
        Type 'FilterParams | undefined' is not assignable to type 'AdminLogFilters | undefined'.
          Type 'FilterParams' has no properties in common with type 'AdminLogFilters'.
  Overload 3 of 3, '(options: UseInfiniteQueryOptions<PaginatedResponse<unknown>, Error, InfiniteData<PaginatedResponse<unknown>, unknown>, readonly ["admin", "logs", (AdminLogFilters | undefined)?], number>, queryClient?: QueryClient | undefined): UseInfiniteQueryResult<...>', gave the following error.
    Type 'readonly ["admin", "logs", FilterParams | undefined]' is not assignable to type 'readonly ["admin", "logs", (AdminLogFilters | undefined)?]'.
      Type at position 2 in source is not compatible with type at position 2 in target.
        Type 'FilterParams | undefined' is not assignable to type 'AdminLogFilters | undefined'.
          Type 'FilterParams' has no properties in common with type 'AdminLogFilters'.
src/hooks/queries/useRevenueProofQueries.ts(30,5): error TS2769: No overload matches this call.
  Overload 1 of 3, '(options: DefinedInitialDataInfiniteOptions<PaginatedResponse<{ amount: number; comments_count: number | null; content: string; created_at: string | null; id: string; is_hidden: boolean | null; likes_count: number | null; platform: string; ... 6 more ...; user_id: string; }>, Error, InfiniteData<...>, readonly [...], number>, queryClient?: QueryClient | undefined): DefinedUseInfiniteQueryResult<...>', gave the following error.
    Type 'readonly ["revenue-proof", "list", FilterParams | undefined]' is not assignable to type 'readonly ["revenue-proof", "list", (RevenueProofFilters | undefined)?]'.
      Type at position 2 in source is not compatible with type at position 2 in target.
        Type 'FilterParams | undefined' is not assignable to type 'RevenueProofFilters | undefined'.
          Type 'FilterParams' has no properties in common with type 'RevenueProofFilters'.
  Overload 2 of 3, '(options: UndefinedInitialDataInfiniteOptions<PaginatedResponse<{ amount: number; comments_count: number | null; content: string; created_at: string | null; id: string; is_hidden: boolean | null; likes_count: number | null; platform: string; ... 6 more ...; user_id: string; }>, Error, InfiniteData<...>, readonly [...], number>, queryClient?: QueryClient | undefined): UseInfiniteQueryResult<...>', gave the following error.
    Type 'readonly ["revenue-proof", "list", FilterParams | undefined]' is not assignable to type 'readonly ["revenue-proof", "list", (RevenueProofFilters | undefined)?]'.
      Type at position 2 in source is not compatible with type at position 2 in target.
        Type 'FilterParams | undefined' is not assignable to type 'RevenueProofFilters | undefined'.
          Type 'FilterParams' has no properties in common with type 'RevenueProofFilters'.
  Overload 3 of 3, '(options: UseInfiniteQueryOptions<PaginatedResponse<{ amount: number; comments_count: number | null; content: string; created_at: string | null; id: string; is_hidden: boolean | null; likes_count: number | null; platform: string; ... 6 more ...; user_id: string; }>, Error, InfiniteData<...>, readonly [...], number>, queryClient?: QueryClient | undefined): UseInfiniteQueryResult<...>', gave the following error.
    Type 'readonly ["revenue-proof", "list", FilterParams | undefined]' is not assignable to type 'readonly ["revenue-proof", "list", (RevenueProofFilters | undefined)?]'.
      Type at position 2 in source is not compatible with type at position 2 in target.
        Type 'FilterParams | undefined' is not assignable to type 'RevenueProofFilters | undefined'.
          Type 'FilterParams' has no properties in common with type 'RevenueProofFilters'.
src/hooks/queries/useRevenueProofQueries.ts(30,43): error TS2345: Argument of type 'RevenueProofFilters | undefined' is not assignable to parameter of type 'FilterParams | undefined'.
  Type 'RevenueProofFilters' is not assignable to type 'FilterParams'.
    Property 'minAmount' is incompatible with index signature.
      Type 'number' is not assignable to type 'string'.
src/lib/api-client.ts(11,15): error TS2440: Import declaration conflicts with local declaration of 'ApiResponse'.
src/lib/api-client.ts(159,55): error TS2345: Argument of type 'unknown' is not assignable to parameter of type 'LogContext | undefined'.
src/lib/api-client.ts(291,5): error TS2741: Property 'success' is missing in type '{ data: Awaited<T>; }' but required in type 'ApiResponse<T>'.
src/lib/api-client.ts(295,16): error TS2322: Type 'ApiError' is not assignable to type 'string'.
src/lib/api-client.ts(310,14): error TS2322: Type 'ApiError' is not assignable to type 'string'.
src/lib/api-client.ts(454,44): error TS2345: Argument of type 'unknown' is not assignable to parameter of type 'LogContext | undefined'.
src/lib/api-client.ts(479,11): error TS6133: 'baseURL' is declared but its value is never read.
src/lib/api-client.ts(480,11): error TS6133: 'defaultRetryCount' is declared but its value is never read.
src/lib/api-client.ts(481,11): error TS6133: 'defaultTimeout' is declared but its value is never read.
src/lib/api-client.ts(570,53): error TS2345: Argument of type 'unknown' is not assignable to parameter of type 'LogContext | undefined'.
src/lib/api-error-handler.ts(157,5): error TS2322: Type 'string | undefined' is not assignable to type 'string'.
  Type 'undefined' is not assignable to type 'string'.
src/lib/api-keys.ts(140,64): error TS2345: Argument of type 'unknown' is not assignable to parameter of type 'LogContext | undefined'.
src/lib/case-converter.ts(16,6): error TS6196: '_TransformKeys' is declared but never used.
src/lib/case-converter.ts(45,42): error TS2322: Type 'T' is not assignable to type 'SnakeToCamelCase<T>'.
src/lib/case-converter.ts(46,28): error TS2322: Type 'T & Date' is not assignable to type 'SnakeToCamelCase<T>'.
src/lib/case-converter.ts(47,27): error TS2322: Type 'any[]' is not assignable to type 'SnakeToCamelCase<T>'.
src/lib/case-converter.ts(48,32): error TS2322: Type 'T & {}' is not assignable to type 'SnakeToCamelCase<T>'.
src/lib/case-converter.ts(62,42): error TS2322: Type 'T' is not assignable to type 'CamelToSnakeCase<T>'.
src/lib/case-converter.ts(63,28): error TS2322: Type 'T & Date' is not assignable to type 'CamelToSnakeCase<T>'.
src/lib/case-converter.ts(64,27): error TS2322: Type 'any[]' is not assignable to type 'CamelToSnakeCase<T>'.
src/lib/case-converter.ts(65,32): error TS2322: Type 'T & {}' is not assignable to type 'CamelToSnakeCase<T>'.
src/lib/error-handler.ts(62,55): error TS2554: Expected 1-2 arguments, but got 3.
src/lib/error-handler.ts(86,52): error TS2554: Expected 1-2 arguments, but got 3.
src/lib/error-handler.ts(108,58): error TS2554: Expected 1-2 arguments, but got 3.
src/lib/error-handler.ts(225,9): error TS2304: Cannot find name 'T'.
src/lib/i18n/index.ts(20,33): error TS2345: Argument of type '({ locale }: GetRequestConfigParams) => Promise<{ locale: string | undefined; messages: any; }>' is not assignable to parameter of type '(params: GetRequestConfigParams) => RequestConfig | Promise<RequestConfig>'.
  Type 'Promise<{ locale: string | undefined; messages: any; }>' is not assignable to type 'RequestConfig | Promise<RequestConfig>'.
    Type 'Promise<{ locale: string | undefined; messages: any; }>' is not assignable to type 'Promise<RequestConfig>'.
      Type '{ locale: string | undefined; messages: any; }' is not assignable to type 'RequestConfig'.
        Type '{ locale: string | undefined; messages: any; }' is not assignable to type '{ locale: string; }'.
          Types of property 'locale' are incompatible.
            Type 'string | undefined' is not assignable to type 'string'.
              Type 'undefined' is not assignable to type 'string'.
src/lib/logger.ts(75,21): error TS2304: Cannot find name 'method'.
src/lib/logger.ts(125,7): error TS2322: Type 'unknown' is not assignable to type 'Record<string, unknown> | undefined'.
src/lib/query-keys.ts(164,30): error TS2352: Conversion of type 'readonly ["all"] | { all: readonly ["youtube"]; search: (term: string) => readonly ["youtube", "search", string]; popular: () => readonly ["youtube", "popular"]; favorites: () => readonly ["youtube", "favorites"]; folders: () => readonly ["youtube", "folders"]; ... 4 more ...; analytics: (videoId: string) => readonl...' to type 'ModuleKeysType' may be a mistake because neither type sufficiently overlaps with the other. If this was intentional, convert the expression to 'unknown' first.
  Type '{ all: readonly ["admin"]; users: (filters?: FilterParams) => readonly ["admin", "users", FilterParams | undefined]; user: (id: string) => readonly ["admin", "user", string]; stats: () => readonly ["admin", "stats"]; logs: (filters?: FilterParams) => readonly [...]; channels: (status?: string) => readonly [...]; app...' is not comparable to type 'ModuleKeysType'.
    Property 'all' is incompatible with index signature.
      Type 'readonly ["admin"]' is not comparable to type '(...args: unknown[]) => readonly unknown[]'.
        Type 'readonly ["admin"]' provides no match for the signature '(...args: unknown[]): readonly unknown[]'.
src/lib/security/sanitizer.ts(159,5): error TS2304: Cannot find name 'logger'.
src/lib/supabase/client-wrapper.ts(24,36): error TS2769: No overload matches this call.
  Overload 1 of 2, '(relation: "alert_rules" | "users" | "collections" | "community_comments" | "community_posts" | "courses" | "lessons" | "course_qna" | "course_weeks" | "source_folders" | "proof_comments" | ... 48 more ... | "youtube_search_history"): PostgrestQueryBuilder<...>', gave the following error.
    Argument of type 'string' is not assignable to parameter of type '"alert_rules" | "users" | "collections" | "community_comments" | "community_posts" | "courses" | "lessons" | "course_qna" | "course_weeks" | "source_folders" | "proof_comments" | ... 48 more ... | "youtube_search_history"'.
  Overload 2 of 2, '(relation: "profiles"): PostgrestQueryBuilder<{ Tables: { adminnotifications: { Row: { assigned_to: string | null; created_at: string; created_by: string | null; data: Json; id: string; is_read: boolean | null; ... 8 more ...; updated_at: string; }; Insert: { ...; }; Update: { ...; }; Relationships: []; }; ... 58 more ...; youtube_search_history: { ...; }; }; Views: { ...; }; Functions: { ...; }; Enums: {}; CompositeTypes: {}; }, { ...; }, "profiles", []>', gave the following error.
    Argument of type 'string' is not assignable to parameter of type '"profiles"'.
src/lib/supabase/client-wrapper.ts(34,42): error TS2345: Argument of type 'string | undefined' is not assignable to parameter of type 'string'.
  Type 'undefined' is not assignable to type 'string'.
src/lib/supabase/client-wrapper.ts(37,43): error TS2345: Argument of type 'string | undefined' is not assignable to parameter of type 'string'.
  Type 'undefined' is not assignable to type 'string'.
src/lib/supabase/client-wrapper.ts(40,42): error TS2769: No overload matches this call.
  Overload 1 of 2, '(column: "id", value: string | number): PostgrestFilterBuilder<{ Tables: { adminnotifications: { Row: { assigned_to: string | null; created_at: string; created_by: string | null; data: Json; id: string; ... 9 more ...; updated_at: string; }; Insert: { ...; }; Update: { ...; }; Relationships: []; }; ... 58 more ...; youtube_search_history: { ...; }; }; Views: { ...; }; Functions: { ...; }; Enums: {}; CompositeTypes: {}; }, { ...; } | ... 58 more ... | { ...; }, GenericStringError[], "alert_rules" | ... 58 more ... | "youtube_search_history", [] | ... 26 more ... | [...]>', gave the following error.
    Argument of type 'string | undefined' is not assignable to parameter of type '"id"'.
      Type 'undefined' is not assignable to type '"id"'.
  Overload 2 of 2, '(column: string, value: unknown): PostgrestFilterBuilder<{ Tables: { adminnotifications: { Row: { assigned_to: string | null; created_at: string; created_by: string | null; data: Json; id: string; is_read: boolean | null; ... 8 more ...; updated_at: string; }; Insert: { ...; }; Update: { ...; }; Relationships: []; }; ... 58 more ...; youtube_search_history: { ...; }; }; Views: { ...; }; Functions: { ...; }; Enums: {}; CompositeTypes: {}; }, { ...; } | ... 58 more ... | { ...; }, GenericStringError[], "alert_rules" | ... 58 more ... | "youtube_search_history", [] | ... 26 more ... | [...]>', gave the following error.
    Argument of type 'string | undefined' is not assignable to parameter of type 'string'.
      Type 'undefined' is not assignable to type 'string'.
src/lib/supabase/client-wrapper.ts(43,43): error TS2769: No overload matches this call.
  Overload 1 of 2, '(column: "id", value: string | number): PostgrestFilterBuilder<{ Tables: { adminnotifications: { Row: { assigned_to: string | null; created_at: string; created_by: string | null; data: Json; id: string; ... 9 more ...; updated_at: string; }; Insert: { ...; }; Update: { ...; }; Relationships: []; }; ... 58 more ...; youtube_search_history: { ...; }; }; Views: { ...; }; Functions: { ...; }; Enums: {}; CompositeTypes: {}; }, { ...; } | ... 58 more ... | { ...; }, GenericStringError[], "alert_rules" | ... 58 more ... | "youtube_search_history", [] | ... 26 more ... | [...]>', gave the following error.
    Argument of type 'string | undefined' is not assignable to parameter of type '"id"'.
      Type 'undefined' is not assignable to type '"id"'.
  Overload 2 of 2, '(column: string, value: unknown): PostgrestFilterBuilder<{ Tables: { adminnotifications: { Row: { assigned_to: string | null; created_at: string; created_by: string | null; data: Json; id: string; is_read: boolean | null; ... 8 more ...; updated_at: string; }; Insert: { ...; }; Update: { ...; }; Relationships: []; }; ... 58 more ...; youtube_search_history: { ...; }; }; Views: { ...; }; Functions: { ...; }; Enums: {}; CompositeTypes: {}; }, { ...; } | ... 58 more ... | { ...; }, GenericStringError[], "alert_rules" | ... 58 more ... | "youtube_search_history", [] | ... 26 more ... | [...]>', gave the following error.
    Argument of type 'string | undefined' is not assignable to parameter of type 'string'.
      Type 'undefined' is not assignable to type 'string'.
src/lib/supabase/client-wrapper.ts(46,42): error TS2769: No overload matches this call.
  Overload 1 of 2, '(column: "id", value: string | number): PostgrestFilterBuilder<{ Tables: { adminnotifications: { Row: { assigned_to: string | null; created_at: string; created_by: string | null; data: Json; id: string; ... 9 more ...; updated_at: string; }; Insert: { ...; }; Update: { ...; }; Relationships: []; }; ... 58 more ...; youtube_search_history: { ...; }; }; Views: { ...; }; Functions: { ...; }; Enums: {}; CompositeTypes: {}; }, { ...; } | ... 58 more ... | { ...; }, GenericStringError[], "alert_rules" | ... 58 more ... | "youtube_search_history", [] | ... 26 more ... | [...]>', gave the following error.
    Argument of type 'string | undefined' is not assignable to parameter of type '"id"'.
      Type 'undefined' is not assignable to type '"id"'.
  Overload 2 of 2, '(column: string, value: unknown): PostgrestFilterBuilder<{ Tables: { adminnotifications: { Row: { assigned_to: string | null; created_at: string; created_by: string | null; data: Json; id: string; is_read: boolean | null; ... 8 more ...; updated_at: string; }; Insert: { ...; }; Update: { ...; }; Relationships: []; }; ... 58 more ...; youtube_search_history: { ...; }; }; Views: { ...; }; Functions: { ...; }; Enums: {}; CompositeTypes: {}; }, { ...; } | ... 58 more ... | { ...; }, GenericStringError[], "alert_rules" | ... 58 more ... | "youtube_search_history", [] | ... 26 more ... | [...]>', gave the following error.
    Argument of type 'string | undefined' is not assignable to parameter of type 'string'.
      Type 'undefined' is not assignable to type 'string'.
src/lib/supabase/client-wrapper.ts(49,43): error TS2769: No overload matches this call.
  Overload 1 of 2, '(column: "id", value: string | number): PostgrestFilterBuilder<{ Tables: { adminnotifications: { Row: { assigned_to: string | null; created_at: string; created_by: string | null; data: Json; id: string; ... 9 more ...; updated_at: string; }; Insert: { ...; }; Update: { ...; }; Relationships: []; }; ... 58 more ...; youtube_search_history: { ...; }; }; Views: { ...; }; Functions: { ...; }; Enums: {}; CompositeTypes: {}; }, { ...; } | ... 58 more ... | { ...; }, GenericStringError[], "alert_rules" | ... 58 more ... | "youtube_search_history", [] | ... 26 more ... | [...]>', gave the following error.
    Argument of type 'string | undefined' is not assignable to parameter of type '"id"'.
      Type 'undefined' is not assignable to type '"id"'.
  Overload 2 of 2, '(column: string, value: unknown): PostgrestFilterBuilder<{ Tables: { adminnotifications: { Row: { assigned_to: string | null; created_at: string; created_by: string | null; data: Json; id: string; is_read: boolean | null; ... 8 more ...; updated_at: string; }; Insert: { ...; }; Update: { ...; }; Relationships: []; }; ... 58 more ...; youtube_search_history: { ...; }; }; Views: { ...; }; Functions: { ...; }; Enums: {}; CompositeTypes: {}; }, { ...; } | ... 58 more ... | { ...; }, GenericStringError[], "alert_rules" | ... 58 more ... | "youtube_search_history", [] | ... 26 more ... | [...]>', gave the following error.
    Argument of type 'string | undefined' is not assignable to parameter of type 'string'.
      Type 'undefined' is not assignable to type 'string'.
src/lib/supabase/client-wrapper.ts(52,44): error TS2769: No overload matches this call.
  Overload 1 of 2, '(column: "id", pattern: string): PostgrestFilterBuilder<{ Tables: { adminnotifications: { Row: { assigned_to: string | null; created_at: string; created_by: string | null; data: Json; id: string; is_read: boolean | null; ... 8 more ...; updated_at: string; }; Insert: { ...; }; Update: { ...; }; Relationships: []; }; ... 58 more ...; youtube_search_history: { ...; }; }; Views: { ...; }; Functions: { ...; }; Enums: {}; CompositeTypes: {}; }, { ...; } | ... 58 more ... | { ...; }, GenericStringError[], "alert_rules" | ... 58 more ... | "youtube_search_history", [] | ... 26 more ... | [...]>', gave the following error.
    Argument of type 'string | undefined' is not assignable to parameter of type '"id"'.
      Type 'undefined' is not assignable to type '"id"'.
  Overload 2 of 2, '(column: string, pattern: string): PostgrestFilterBuilder<{ Tables: { adminnotifications: { Row: { assigned_to: string | null; created_at: string; created_by: string | null; data: Json; id: string; is_read: boolean | null; ... 8 more ...; updated_at: string; }; Insert: { ...; }; Update: { ...; }; Relationships: []; }; ... 58 more ...; youtube_search_history: { ...; }; }; Views: { ...; }; Functions: { ...; }; Enums: {}; CompositeTypes: {}; }, { ...; } | ... 58 more ... | { ...; }, GenericStringError[], "alert_rules" | ... 58 more ... | "youtube_search_history", [] | ... 26 more ... | [...]>', gave the following error.
    Argument of type 'string | undefined' is not assignable to parameter of type 'string'.
      Type 'undefined' is not assignable to type 'string'.
src/lib/supabase/client-wrapper.ts(55,45): error TS2769: No overload matches this call.
  Overload 1 of 2, '(column: "id", pattern: string): PostgrestFilterBuilder<{ Tables: { adminnotifications: { Row: { assigned_to: string | null; created_at: string; created_by: string | null; data: Json; id: string; is_read: boolean | null; ... 8 more ...; updated_at: string; }; Insert: { ...; }; Update: { ...; }; Relationships: []; }; ... 58 more ...; youtube_search_history: { ...; }; }; Views: { ...; }; Functions: { ...; }; Enums: {}; CompositeTypes: {}; }, { ...; } | ... 58 more ... | { ...; }, GenericStringError[], "alert_rules" | ... 58 more ... | "youtube_search_history", [] | ... 26 more ... | [...]>', gave the following error.
    Argument of type 'string | undefined' is not assignable to parameter of type '"id"'.
      Type 'undefined' is not assignable to type '"id"'.
  Overload 2 of 2, '(column: string, pattern: string): PostgrestFilterBuilder<{ Tables: { adminnotifications: { Row: { assigned_to: string | null; created_at: string; created_by: string | null; data: Json; id: string; is_read: boolean | null; ... 8 more ...; updated_at: string; }; Insert: { ...; }; Update: { ...; }; Relationships: []; }; ... 58 more ...; youtube_search_history: { ...; }; }; Views: { ...; }; Functions: { ...; }; Enums: {}; CompositeTypes: {}; }, { ...; } | ... 58 more ... | { ...; }, GenericStringError[], "alert_rules" | ... 58 more ... | "youtube_search_history", [] | ... 26 more ... | [...]>', gave the following error.
    Argument of type 'string | undefined' is not assignable to parameter of type 'string'.
      Type 'undefined' is not assignable to type 'string'.
src/lib/supabase/client-wrapper.ts(58,42): error TS2345: Argument of type 'string | undefined' is not assignable to parameter of type 'string'.
  Type 'undefined' is not assignable to type 'string'.
src/lib/supabase/client-wrapper.ts(61,42): error TS2345: Argument of type 'string | undefined' is not assignable to parameter of type 'string'.
  Type 'undefined' is not assignable to type 'string'.
src/lib/supabase/client-wrapper.ts(70,39): error TS2769: No overload matches this call.
  The last overload gave the following error.
    Argument of type 'string | undefined' is not assignable to parameter of type 'string'.
      Type 'undefined' is not assignable to type 'string'.
src/lib/supabase/client-wrapper.ts(120,36): error TS2769: No overload matches this call.
  Overload 1 of 2, '(relation: "alert_rules" | "users" | "collections" | "community_comments" | "community_posts" | "courses" | "lessons" | "course_qna" | "course_weeks" | "source_folders" | "proof_comments" | ... 48 more ... | "youtube_search_history"): PostgrestQueryBuilder<...>', gave the following error.
    Argument of type 'string' is not assignable to parameter of type '"alert_rules" | "users" | "collections" | "community_comments" | "community_posts" | "courses" | "lessons" | "course_qna" | "course_weeks" | "source_folders" | "proof_comments" | ... 48 more ... | "youtube_search_history"'.
  Overload 2 of 2, '(relation: "profiles"): PostgrestQueryBuilder<{ Tables: { adminnotifications: { Row: { assigned_to: string | null; created_at: string; created_by: string | null; data: Json; id: string; is_read: boolean | null; ... 8 more ...; updated_at: string; }; Insert: { ...; }; Update: { ...; }; Relationships: []; }; ... 58 more ...; youtube_search_history: { ...; }; }; Views: { ...; }; Functions: { ...; }; Enums: {}; CompositeTypes: {}; }, { ...; }, "profiles", []>', gave the following error.
    Argument of type 'string' is not assignable to parameter of type '"profiles"'.
src/lib/supabase/client-wrapper.ts(120,50): error TS2769: No overload matches this call.
  Overload 1 of 2, '(values: { assigned_to?: string | null | undefined; created_at?: string | undefined; created_by?: string | null | undefined; data?: Json | undefined; id?: string | undefined; is_read?: boolean | ... 1 more ... | undefined; ... 8 more ...; updated_at?: string | undefined; } | ... 58 more ... | { ...; }, options?: { ...; } | undefined): PostgrestFilterBuilder<...>', gave the following error.
    Argument of type 'CamelToSnakeCase<T> | CamelToSnakeCase<T>[]' is not assignable to parameter of type '{ assigned_to?: string | null | undefined; created_at?: string | undefined; created_by?: string | null | undefined; data?: Json | undefined; id?: string | undefined; is_read?: boolean | ... 1 more ... | undefined; ... 8 more ...; updated_at?: string | undefined; } | ... 58 more ... | { ...; }'.
      Type 'CamelToSnakeCase<T>' is not assignable to type '{ assigned_to?: string | null | undefined; created_at?: string | undefined; created_by?: string | null | undefined; data?: Json | undefined; id?: string | undefined; is_read?: boolean | ... 1 more ... | undefined; ... 8 more ...; updated_at?: string | undefined; } | ... 58 more ... | { ...; }'.
        Type '(T extends Date ? T : T extends object ? { [K in keyof T as K extends string ? SnakeCase<K> : K]: CamelToSnakeCase<T[K]>; } : T) | unknown[]' is not assignable to type '{ assigned_to?: string | null | undefined; created_at?: string | undefined; created_by?: string | null | undefined; data?: Json | undefined; id?: string | undefined; is_read?: boolean | ... 1 more ... | undefined; ... 8 more ...; updated_at?: string | undefined; } | ... 58 more ... | { ...; }'.
          Type 'T extends Date ? T : T extends object ? { [K in keyof T as K extends string ? SnakeCase<K> : K]: CamelToSnakeCase<T[K]>; } : T' is not assignable to type '{ assigned_to?: string | null | undefined; created_at?: string | undefined; created_by?: string | null | undefined; data?: Json | undefined; id?: string | undefined; is_read?: boolean | ... 1 more ... | undefined; ... 8 more ...; updated_at?: string | undefined; } | ... 58 more ... | { ...; }'.
            Type 'T | (T extends object ? { [K in keyof T as K extends string ? SnakeCase<K> : K]: CamelToSnakeCase<T[K]>; } : T)' is not assignable to type '{ assigned_to?: string | null | undefined; created_at?: string | undefined; created_by?: string | null | undefined; data?: Json | undefined; id?: string | undefined; is_read?: boolean | ... 1 more ... | undefined; ... 8 more ...; updated_at?: string | undefined; } | ... 58 more ... | { ...; }'.
              Type 'Date & T' is not assignable to type '{ assigned_to?: string | null | undefined; created_at?: string | undefined; created_by?: string | null | undefined; data?: Json | undefined; id?: string | undefined; is_read?: boolean | ... 1 more ... | undefined; ... 8 more ...; updated_at?: string | undefined; } | ... 58 more ... | { ...; }'.
                Type 'Date' is missing the following properties from type '{ created_at?: string | null | undefined; filters?: Json | undefined; id?: string | undefined; query: string; result_count?: number | null | undefined; user_id: string; }': query, user_id
                  Type 'T extends Date ? T : T extends object ? { [K in keyof T as K extends string ? SnakeCase<K> : K]: CamelToSnakeCase<T[K]>; } : T' is not assignable to type '{ created_at?: string | null | undefined; filters?: Json | undefined; id?: string | undefined; query: string; result_count?: number | null | undefined; user_id: string; }'.
                    Type 'T | (T extends object ? { [K in keyof T as K extends string ? SnakeCase<K> : K]: CamelToSnakeCase<T[K]>; } : T)' is not assignable to type '{ created_at?: string | null | undefined; filters?: Json | undefined; id?: string | undefined; query: string; result_count?: number | null | undefined; user_id: string; }'.
                      Type 'Date' is missing the following properties from type '{ created_at?: string | null | undefined; filters?: Json | undefined; id?: string | undefined; query: string; result_count?: number | null | undefined; user_id: string; }': query, user_id
                        Type 'CamelToSnakeCase<T>' is not assignable to type '{ created_at?: string | null | undefined; filters?: Json | undefined; id?: string | undefined; query: string; result_count?: number | null | undefined; user_id: string; }'.
                          Type '(T extends Date ? T : T extends object ? { [K in keyof T as K extends string ? SnakeCase<K> : K]: CamelToSnakeCase<T[K]>; } : T) | unknown[]' is not assignable to type '{ created_at?: string | null | undefined; filters?: Json | undefined; id?: string | undefined; query: string; result_count?: number | null | undefined; user_id: string; }'.
                            Type 'T extends Date ? T : T extends object ? { [K in keyof T as K extends string ? SnakeCase<K> : K]: CamelToSnakeCase<T[K]>; } : T' is not assignable to type '{ created_at?: string | null | undefined; filters?: Json | undefined; id?: string | undefined; query: string; result_count?: number | null | undefined; user_id: string; }'.
                              Type 'T | (T extends object ? { [K in keyof T as K extends string ? SnakeCase<K> : K]: CamelToSnakeCase<T[K]>; } : T)' is not assignable to type '{ created_at?: string | null | undefined; filters?: Json | undefined; id?: string | undefined; query: string; result_count?: number | null | undefined; user_id: string; }'.
                                Type 'Date' is missing the following properties from type '{ created_at?: string | null | undefined; filters?: Json | undefined; id?: string | undefined; query: string; result_count?: number | null | undefined; user_id: string; }': query, user_id
  Overload 2 of 2, '(values: ({ assigned_to?: string | null | undefined; created_at?: string | undefined; created_by?: string | null | undefined; data?: Json | undefined; id?: string | undefined; is_read?: boolean | ... 1 more ... | undefined; ... 8 more ...; updated_at?: string | undefined; } | ... 58 more ... | { ...; })[], options?: { ...; } | undefined): PostgrestFilterBuilder<...>', gave the following error.
    Argument of type 'CamelToSnakeCase<T> | CamelToSnakeCase<T>[]' is not assignable to parameter of type '({ assigned_to?: string | null | undefined; created_at?: string | undefined; created_by?: string | null | undefined; data?: Json | undefined; id?: string | undefined; is_read?: boolean | ... 1 more ... | undefined; ... 8 more ...; updated_at?: string | undefined; } | ... 58 more ... | { ...; })[]'.
      Type 'CamelToSnakeCase<T>' is not assignable to type '({ assigned_to?: string | null | undefined; created_at?: string | undefined; created_by?: string | null | undefined; data?: Json | undefined; id?: string | undefined; is_read?: boolean | ... 1 more ... | undefined; ... 8 more ...; updated_at?: string | undefined; } | ... 58 more ... | { ...; })[]'.
        Type '(T extends Date ? T : T extends object ? { [K in keyof T as K extends string ? SnakeCase<K> : K]: CamelToSnakeCase<T[K]>; } : T) | unknown[]' is not assignable to type '({ assigned_to?: string | null | undefined; created_at?: string | undefined; created_by?: string | null | undefined; data?: Json | undefined; id?: string | undefined; is_read?: boolean | ... 1 more ... | undefined; ... 8 more ...; updated_at?: string | undefined; } | ... 58 more ... | { ...; })[]'.
          Type 'T extends Date ? T : T extends object ? { [K in keyof T as K extends string ? SnakeCase<K> : K]: CamelToSnakeCase<T[K]>; } : T' is not assignable to type '({ assigned_to?: string | null | undefined; created_at?: string | undefined; created_by?: string | null | undefined; data?: Json | undefined; id?: string | undefined; is_read?: boolean | ... 1 more ... | undefined; ... 8 more ...; updated_at?: string | undefined; } | ... 58 more ... | { ...; })[]'.
            Type 'T | (T extends object ? { [K in keyof T as K extends string ? SnakeCase<K> : K]: CamelToSnakeCase<T[K]>; } : T)' is not assignable to type '({ assigned_to?: string | null | undefined; created_at?: string | undefined; created_by?: string | null | undefined; data?: Json | undefined; id?: string | undefined; is_read?: boolean | ... 1 more ... | undefined; ... 8 more ...; updated_at?: string | undefined; } | ... 58 more ... | { ...; })[]'.
              Type 'Date' is missing the following properties from type '({ assigned_to?: string | null | undefined; created_at?: string | undefined; created_by?: string | null | undefined; data?: Json | undefined; id?: string | undefined; is_read?: boolean | ... 1 more ... | undefined; ... 8 more ...; updated_at?: string | undefined; } | ... 58 more ... | { ...; })[]': length, pop, push, concat, and 35 more.
src/lib/supabase/client-wrapper.ts(123,5): error TS2740: Type 'PostgrestTransformBuilder<{ Tables: { adminnotifications: { Row: { assigned_to: string | null; created_at: string; created_by: string | null; data: Json; id: string; is_read: boolean | null; is_resolved: boolean | null; ... 7 more ...; updated_at: string; }; Insert: { ...; }; Update: { ...; }; Relationships: []; }; ...' is missing the following properties from type 'PostgrestFilterBuilder<{ Tables: { adminnotifications: { Row: { assigned_to: string | null; created_at: string; created_by: string | null; data: Json; id: string; is_read: boolean | null; is_resolved: boolean | null; ... 7 more ...; updated_at: string; }; Insert: { ...; }; Update: { ...; }; Relationships: []; }; ......': eq, neq, gt, gte, and 23 more.
src/lib/supabase/client-wrapper.ts(155,36): error TS2769: No overload matches this call.
  Overload 1 of 2, '(relation: "alert_rules" | "users" | "collections" | "community_comments" | "community_posts" | "courses" | "lessons" | "course_qna" | "course_weeks" | "source_folders" | "proof_comments" | ... 48 more ... | "youtube_search_history"): PostgrestQueryBuilder<...>', gave the following error.
    Argument of type 'string' is not assignable to parameter of type '"alert_rules" | "users" | "collections" | "community_comments" | "community_posts" | "courses" | "lessons" | "course_qna" | "course_weeks" | "source_folders" | "proof_comments" | ... 48 more ... | "youtube_search_history"'.
  Overload 2 of 2, '(relation: "profiles"): PostgrestQueryBuilder<{ Tables: { adminnotifications: { Row: { assigned_to: string | null; created_at: string; created_by: string | null; data: Json; id: string; is_read: boolean | null; ... 8 more ...; updated_at: string; }; Insert: { ...; }; Update: { ...; }; Relationships: []; }; ... 58 more ...; youtube_search_history: { ...; }; }; Views: { ...; }; Functions: { ...; }; Enums: {}; CompositeTypes: {}; }, { ...; }, "profiles", []>', gave the following error.
    Argument of type 'string' is not assignable to parameter of type '"profiles"'.
src/lib/supabase/client-wrapper.ts(155,50): error TS2345: Argument of type 'unknown[] | Partial<T> | (Date & Partial<T>) | { [K in keyof Partial<T> as K extends string ? SnakeCase<K> : K]: CamelToSnakeCase<Partial<T>[K]>; }' is not assignable to parameter of type '{ assigned_to?: string | null | undefined; created_at?: string | undefined; created_by?: string | null | undefined; data?: Json | undefined; id?: string | undefined; is_read?: boolean | ... 1 more ... | undefined; ... 8 more ...; updated_at?: string | undefined; } | ... 58 more ... | { ...; }'.
  Type 'unknown[]' is not assignable to type '{ assigned_to?: string | null | undefined; created_at?: string | undefined; created_by?: string | null | undefined; data?: Json | undefined; id?: string | undefined; is_read?: boolean | ... 1 more ... | undefined; ... 8 more ...; updated_at?: string | undefined; } | ... 58 more ... | { ...; }'.
src/lib/supabase/client-wrapper.ts(164,40): error TS2345: Argument of type 'string | undefined' is not assignable to parameter of type 'string'.
  Type 'undefined' is not assignable to type 'string'.
src/lib/supabase/client-wrapper.ts(167,41): error TS2345: Argument of type 'string | undefined' is not assignable to parameter of type 'string'.
  Type 'undefined' is not assignable to type 'string'.
src/lib/supabase/client-wrapper.ts(170,40): error TS2769: No overload matches this call.
  Overload 1 of 2, '(column: "id", value: string | number): PostgrestFilterBuilder<{ Tables: { adminnotifications: { Row: { assigned_to: string | null; created_at: string; created_by: string | null; data: Json; id: string; ... 9 more ...; updated_at: string; }; Insert: { ...; }; Update: { ...; }; Relationships: []; }; ... 58 more ...; youtube_search_history: { ...; }; }; Views: { ...; }; Functions: { ...; }; Enums: {}; CompositeTypes: {}; }, { ...; } | ... 58 more ... | { ...; }, null, "alert_rules" | ... 58 more ... | "youtube_search_history", [] | ... 26 more ... | [...]>', gave the following error.
    Argument of type 'string | undefined' is not assignable to parameter of type '"id"'.
      Type 'undefined' is not assignable to type '"id"'.
  Overload 2 of 2, '(column: string, value: unknown): PostgrestFilterBuilder<{ Tables: { adminnotifications: { Row: { assigned_to: string | null; created_at: string; created_by: string | null; data: Json; id: string; is_read: boolean | null; ... 8 more ...; updated_at: string; }; Insert: { ...; }; Update: { ...; }; Relationships: []; }; ... 58 more ...; youtube_search_history: { ...; }; }; Views: { ...; }; Functions: { ...; }; Enums: {}; CompositeTypes: {}; }, { ...; } | ... 58 more ... | { ...; }, null, "alert_rules" | ... 58 more ... | "youtube_search_history", [] | ... 26 more ... | [...]>', gave the following error.
    Argument of type 'string | undefined' is not assignable to parameter of type 'string'.
      Type 'undefined' is not assignable to type 'string'.
src/lib/supabase/client-wrapper.ts(173,41): error TS2769: No overload matches this call.
  Overload 1 of 2, '(column: "id", value: string | number): PostgrestFilterBuilder<{ Tables: { adminnotifications: { Row: { assigned_to: string | null; created_at: string; created_by: string | null; data: Json; id: string; ... 9 more ...; updated_at: string; }; Insert: { ...; }; Update: { ...; }; Relationships: []; }; ... 58 more ...; youtube_search_history: { ...; }; }; Views: { ...; }; Functions: { ...; }; Enums: {}; CompositeTypes: {}; }, { ...; } | ... 58 more ... | { ...; }, null, "alert_rules" | ... 58 more ... | "youtube_search_history", [] | ... 26 more ... | [...]>', gave the following error.
    Argument of type 'string | undefined' is not assignable to parameter of type '"id"'.
      Type 'undefined' is not assignable to type '"id"'.
  Overload 2 of 2, '(column: string, value: unknown): PostgrestFilterBuilder<{ Tables: { adminnotifications: { Row: { assigned_to: string | null; created_at: string; created_by: string | null; data: Json; id: string; is_read: boolean | null; ... 8 more ...; updated_at: string; }; Insert: { ...; }; Update: { ...; }; Relationships: []; }; ... 58 more ...; youtube_search_history: { ...; }; }; Views: { ...; }; Functions: { ...; }; Enums: {}; CompositeTypes: {}; }, { ...; } | ... 58 more ... | { ...; }, null, "alert_rules" | ... 58 more ... | "youtube_search_history", [] | ... 26 more ... | [...]>', gave the following error.
    Argument of type 'string | undefined' is not assignable to parameter of type 'string'.
      Type 'undefined' is not assignable to type 'string'.
src/lib/supabase/client-wrapper.ts(176,40): error TS2769: No overload matches this call.
  Overload 1 of 2, '(column: "id", value: string | number): PostgrestFilterBuilder<{ Tables: { adminnotifications: { Row: { assigned_to: string | null; created_at: string; created_by: string | null; data: Json; id: string; ... 9 more ...; updated_at: string; }; Insert: { ...; }; Update: { ...; }; Relationships: []; }; ... 58 more ...; youtube_search_history: { ...; }; }; Views: { ...; }; Functions: { ...; }; Enums: {}; CompositeTypes: {}; }, { ...; } | ... 58 more ... | { ...; }, null, "alert_rules" | ... 58 more ... | "youtube_search_history", [] | ... 26 more ... | [...]>', gave the following error.
    Argument of type 'string | undefined' is not assignable to parameter of type '"id"'.
      Type 'undefined' is not assignable to type '"id"'.
  Overload 2 of 2, '(column: string, value: unknown): PostgrestFilterBuilder<{ Tables: { adminnotifications: { Row: { assigned_to: string | null; created_at: string; created_by: string | null; data: Json; id: string; is_read: boolean | null; ... 8 more ...; updated_at: string; }; Insert: { ...; }; Update: { ...; }; Relationships: []; }; ... 58 more ...; youtube_search_history: { ...; }; }; Views: { ...; }; Functions: { ...; }; Enums: {}; CompositeTypes: {}; }, { ...; } | ... 58 more ... | { ...; }, null, "alert_rules" | ... 58 more ... | "youtube_search_history", [] | ... 26 more ... | [...]>', gave the following error.
    Argument of type 'string | undefined' is not assignable to parameter of type 'string'.
      Type 'undefined' is not assignable to type 'string'.
src/lib/supabase/client-wrapper.ts(179,41): error TS2769: No overload matches this call.
  Overload 1 of 2, '(column: "id", value: string | number): PostgrestFilterBuilder<{ Tables: { adminnotifications: { Row: { assigned_to: string | null; created_at: string; created_by: string | null; data: Json; id: string; ... 9 more ...; updated_at: string; }; Insert: { ...; }; Update: { ...; }; Relationships: []; }; ... 58 more ...; youtube_search_history: { ...; }; }; Views: { ...; }; Functions: { ...; }; Enums: {}; CompositeTypes: {}; }, { ...; } | ... 58 more ... | { ...; }, null, "alert_rules" | ... 58 more ... | "youtube_search_history", [] | ... 26 more ... | [...]>', gave the following error.
    Argument of type 'string | undefined' is not assignable to parameter of type '"id"'.
      Type 'undefined' is not assignable to type '"id"'.
  Overload 2 of 2, '(column: string, value: unknown): PostgrestFilterBuilder<{ Tables: { adminnotifications: { Row: { assigned_to: string | null; created_at: string; created_by: string | null; data: Json; id: string; is_read: boolean | null; ... 8 more ...; updated_at: string; }; Insert: { ...; }; Update: { ...; }; Relationships: []; }; ... 58 more ...; youtube_search_history: { ...; }; }; Views: { ...; }; Functions: { ...; }; Enums: {}; CompositeTypes: {}; }, { ...; } | ... 58 more ... | { ...; }, null, "alert_rules" | ... 58 more ... | "youtube_search_history", [] | ... 26 more ... | [...]>', gave the following error.
    Argument of type 'string | undefined' is not assignable to parameter of type 'string'.
      Type 'undefined' is not assignable to type 'string'.
src/lib/supabase/client-wrapper.ts(182,40): error TS2345: Argument of type 'string | undefined' is not assignable to parameter of type 'string'.
  Type 'undefined' is not assignable to type 'string'.
src/lib/supabase/client-wrapper.ts(187,5): error TS2740: Type 'PostgrestTransformBuilder<{ Tables: { adminnotifications: { Row: { assigned_to: string | null; created_at: string; created_by: string | null; data: Json; id: string; is_read: boolean | null; is_resolved: boolean | null; ... 7 more ...; updated_at: string; }; Insert: { ...; }; Update: { ...; }; Relationships: []; }; ...' is missing the following properties from type 'PostgrestFilterBuilder<{ Tables: { adminnotifications: { Row: { assigned_to: string | null; created_at: string; created_by: string | null; data: Json; id: string; is_read: boolean | null; is_resolved: boolean | null; ... 7 more ...; updated_at: string; }; Insert: { ...; }; Update: { ...; }; Relationships: []; }; ......': eq, neq, gt, gte, and 23 more.
src/lib/supabase/client-wrapper.ts(213,36): error TS2769: No overload matches this call.
  Overload 1 of 2, '(relation: "alert_rules" | "users" | "collections" | "community_comments" | "community_posts" | "courses" | "lessons" | "course_qna" | "course_weeks" | "source_folders" | "proof_comments" | ... 48 more ... | "youtube_search_history"): PostgrestQueryBuilder<...>', gave the following error.
    Argument of type 'string' is not assignable to parameter of type '"alert_rules" | "users" | "collections" | "community_comments" | "community_posts" | "courses" | "lessons" | "course_qna" | "course_weeks" | "source_folders" | "proof_comments" | ... 48 more ... | "youtube_search_history"'.
  Overload 2 of 2, '(relation: "profiles"): PostgrestQueryBuilder<{ Tables: { adminnotifications: { Row: { assigned_to: string | null; created_at: string; created_by: string | null; data: Json; id: string; is_read: boolean | null; ... 8 more ...; updated_at: string; }; Insert: { ...; }; Update: { ...; }; Relationships: []; }; ... 58 more ...; youtube_search_history: { ...; }; }; Views: { ...; }; Functions: { ...; }; Enums: {}; CompositeTypes: {}; }, { ...; }, "profiles", []>', gave the following error.
    Argument of type 'string' is not assignable to parameter of type '"profiles"'.
src/lib/supabase/client-wrapper.ts(222,40): error TS2345: Argument of type 'string | undefined' is not assignable to parameter of type 'string'.
  Type 'undefined' is not assignable to type 'string'.
src/lib/supabase/client-wrapper.ts(225,41): error TS2345: Argument of type 'string | undefined' is not assignable to parameter of type 'string'.
  Type 'undefined' is not assignable to type 'string'.
src/lib/supabase/client-wrapper.ts(228,40): error TS2769: No overload matches this call.
  Overload 1 of 2, '(column: "id", value: string | number): PostgrestFilterBuilder<{ Tables: { adminnotifications: { Row: { assigned_to: string | null; created_at: string; created_by: string | null; data: Json; id: string; ... 9 more ...; updated_at: string; }; Insert: { ...; }; Update: { ...; }; Relationships: []; }; ... 58 more ...; youtube_search_history: { ...; }; }; Views: { ...; }; Functions: { ...; }; Enums: {}; CompositeTypes: {}; }, { ...; } | ... 58 more ... | { ...; }, null, "alert_rules" | ... 58 more ... | "youtube_search_history", [] | ... 26 more ... | [...]>', gave the following error.
    Argument of type 'string | undefined' is not assignable to parameter of type '"id"'.
      Type 'undefined' is not assignable to type '"id"'.
  Overload 2 of 2, '(column: string, value: unknown): PostgrestFilterBuilder<{ Tables: { adminnotifications: { Row: { assigned_to: string | null; created_at: string; created_by: string | null; data: Json; id: string; is_read: boolean | null; ... 8 more ...; updated_at: string; }; Insert: { ...; }; Update: { ...; }; Relationships: []; }; ... 58 more ...; youtube_search_history: { ...; }; }; Views: { ...; }; Functions: { ...; }; Enums: {}; CompositeTypes: {}; }, { ...; } | ... 58 more ... | { ...; }, null, "alert_rules" | ... 58 more ... | "youtube_search_history", [] | ... 26 more ... | [...]>', gave the following error.
    Argument of type 'string | undefined' is not assignable to parameter of type 'string'.
      Type 'undefined' is not assignable to type 'string'.
src/lib/supabase/client-wrapper.ts(231,41): error TS2769: No overload matches this call.
  Overload 1 of 2, '(column: "id", value: string | number): PostgrestFilterBuilder<{ Tables: { adminnotifications: { Row: { assigned_to: string | null; created_at: string; created_by: string | null; data: Json; id: string; ... 9 more ...; updated_at: string; }; Insert: { ...; }; Update: { ...; }; Relationships: []; }; ... 58 more ...; youtube_search_history: { ...; }; }; Views: { ...; }; Functions: { ...; }; Enums: {}; CompositeTypes: {}; }, { ...; } | ... 58 more ... | { ...; }, null, "alert_rules" | ... 58 more ... | "youtube_search_history", [] | ... 26 more ... | [...]>', gave the following error.
    Argument of type 'string | undefined' is not assignable to parameter of type '"id"'.
      Type 'undefined' is not assignable to type '"id"'.
  Overload 2 of 2, '(column: string, value: unknown): PostgrestFilterBuilder<{ Tables: { adminnotifications: { Row: { assigned_to: string | null; created_at: string; created_by: string | null; data: Json; id: string; is_read: boolean | null; ... 8 more ...; updated_at: string; }; Insert: { ...; }; Update: { ...; }; Relationships: []; }; ... 58 more ...; youtube_search_history: { ...; }; }; Views: { ...; }; Functions: { ...; }; Enums: {}; CompositeTypes: {}; }, { ...; } | ... 58 more ... | { ...; }, null, "alert_rules" | ... 58 more ... | "youtube_search_history", [] | ... 26 more ... | [...]>', gave the following error.
    Argument of type 'string | undefined' is not assignable to parameter of type 'string'.
      Type 'undefined' is not assignable to type 'string'.
src/lib/supabase/client-wrapper.ts(234,40): error TS2769: No overload matches this call.
  Overload 1 of 2, '(column: "id", value: string | number): PostgrestFilterBuilder<{ Tables: { adminnotifications: { Row: { assigned_to: string | null; created_at: string; created_by: string | null; data: Json; id: string; ... 9 more ...; updated_at: string; }; Insert: { ...; }; Update: { ...; }; Relationships: []; }; ... 58 more ...; youtube_search_history: { ...; }; }; Views: { ...; }; Functions: { ...; }; Enums: {}; CompositeTypes: {}; }, { ...; } | ... 58 more ... | { ...; }, null, "alert_rules" | ... 58 more ... | "youtube_search_history", [] | ... 26 more ... | [...]>', gave the following error.
    Argument of type 'string | undefined' is not assignable to parameter of type '"id"'.
      Type 'undefined' is not assignable to type '"id"'.
  Overload 2 of 2, '(column: string, value: unknown): PostgrestFilterBuilder<{ Tables: { adminnotifications: { Row: { assigned_to: string | null; created_at: string; created_by: string | null; data: Json; id: string; is_read: boolean | null; ... 8 more ...; updated_at: string; }; Insert: { ...; }; Update: { ...; }; Relationships: []; }; ... 58 more ...; youtube_search_history: { ...; }; }; Views: { ...; }; Functions: { ...; }; Enums: {}; CompositeTypes: {}; }, { ...; } | ... 58 more ... | { ...; }, null, "alert_rules" | ... 58 more ... | "youtube_search_history", [] | ... 26 more ... | [...]>', gave the following error.
    Argument of type 'string | undefined' is not assignable to parameter of type 'string'.
      Type 'undefined' is not assignable to type 'string'.
src/lib/supabase/client-wrapper.ts(237,41): error TS2769: No overload matches this call.
  Overload 1 of 2, '(column: "id", value: string | number): PostgrestFilterBuilder<{ Tables: { adminnotifications: { Row: { assigned_to: string | null; created_at: string; created_by: string | null; data: Json; id: string; ... 9 more ...; updated_at: string; }; Insert: { ...; }; Update: { ...; }; Relationships: []; }; ... 58 more ...; youtube_search_history: { ...; }; }; Views: { ...; }; Functions: { ...; }; Enums: {}; CompositeTypes: {}; }, { ...; } | ... 58 more ... | { ...; }, null, "alert_rules" | ... 58 more ... | "youtube_search_history", [] | ... 26 more ... | [...]>', gave the following error.
    Argument of type 'string | undefined' is not assignable to parameter of type '"id"'.
      Type 'undefined' is not assignable to type '"id"'.
  Overload 2 of 2, '(column: string, value: unknown): PostgrestFilterBuilder<{ Tables: { adminnotifications: { Row: { assigned_to: string | null; created_at: string; created_by: string | null; data: Json; id: string; is_read: boolean | null; ... 8 more ...; updated_at: string; }; Insert: { ...; }; Update: { ...; }; Relationships: []; }; ... 58 more ...; youtube_search_history: { ...; }; }; Views: { ...; }; Functions: { ...; }; Enums: {}; CompositeTypes: {}; }, { ...; } | ... 58 more ... | { ...; }, null, "alert_rules" | ... 58 more ... | "youtube_search_history", [] | ... 26 more ... | [...]>', gave the following error.
    Argument of type 'string | undefined' is not assignable to parameter of type 'string'.
      Type 'undefined' is not assignable to type 'string'.
src/lib/supabase/client-wrapper.ts(240,40): error TS2345: Argument of type 'string | undefined' is not assignable to parameter of type 'string'.
  Type 'undefined' is not assignable to type 'string'.
src/lib/supabase/client-wrapper.ts(263,46): error TS2345: Argument of type 'string' is not assignable to parameter of type '"increment_api_key_usage" | "increment_view_count" | "reset_daily_usage"'.
src/lib/youtube/client-helper.ts(90,25): error TS2304: Cannot find name 'operation'.
src/lib/youtube/client-helper.ts(91,27): error TS2304: Cannot find name 'today'.
src/lib/youtube/client-helper.ts(99,47): error TS2304: Cannot find name 'units'.
src/lib/youtube/client-helper.ts(104,42): error TS2769: No overload matches this call.
  Overload 1 of 2, '(values: { created_at?: string | null | undefined; endpoint: string; id?: string | undefined; method: string; quota_used?: number | null | undefined; response_time?: number | null | undefined; status_code?: number | ... 1 more ... | undefined; user_id?: string | ... 1 more ... | undefined; }, options?: { ...; } | undefined): PostgrestFilterBuilder<...>', gave the following error.
    Argument of type '{ user_id: string; endpoint: any; quota_used: any; status_code: number; created_at: any; }' is not assignable to parameter of type '{ created_at?: string | null | undefined; endpoint: string; id?: string | undefined; method: string; quota_used?: number | null | undefined; response_time?: number | null | undefined; status_code?: number | ... 1 more ... | undefined; user_id?: string | ... 1 more ... | undefined; }'.
      Property 'method' is missing in type '{ user_id: string; endpoint: any; quota_used: any; status_code: number; created_at: any; }' but required in type '{ created_at?: string | null | undefined; endpoint: string; id?: string | undefined; method: string; quota_used?: number | null | undefined; response_time?: number | null | undefined; status_code?: number | ... 1 more ... | undefined; user_id?: string | ... 1 more ... | undefined; }'.
  Overload 2 of 2, '(values: { created_at?: string | null | undefined; endpoint: string; id?: string | undefined; method: string; quota_used?: number | null | undefined; response_time?: number | null | undefined; status_code?: number | ... 1 more ... | undefined; user_id?: string | ... 1 more ... | undefined; }[], options?: { ...; } | undefined): PostgrestFilterBuilder<...>', gave the following error.
    Object literal may only specify known properties, and 'user_id' does not exist in type '{ created_at?: string | null | undefined; endpoint: string; id?: string | undefined; method: string; quota_used?: number | null | undefined; response_time?: number | null | undefined; status_code?: number | ... 1 more ... | undefined; user_id?: string | ... 1 more ... | undefined; }[]'.
src/lib/youtube/client-helper.ts(106,21): error TS2304: Cannot find name 'operation'.
src/lib/youtube/client-helper.ts(107,23): error TS2304: Cannot find name 'units'.
src/lib/youtube/client-helper.ts(109,23): error TS2304: Cannot find name 'today'.
src/lib/youtube/collections.ts(350,16): error TS2322: Type '{ id: string; collection_id: string; video_id: string; notes: string | null; tags: never[]; position: number; addedBy: string; addedAt: string; video: SelectQueryError<"could not find the relation between collection_items and videos">; }[]' is not assignable to type '(CollectionItem & { video: YouTubeLensVideo; })[]'.
  Type '{ id: string; collection_id: string; video_id: string; notes: string | null; tags: never[]; position: number; addedBy: string; addedAt: string; video: SelectQueryError<"could not find the relation between collection_items and videos">; }' is not assignable to type 'CollectionItem & { video: YouTubeLensVideo; }'.
    Type '{ id: string; collection_id: string; video_id: string; notes: string | null; tags: never[]; position: number; addedBy: string; addedAt: string; video: SelectQueryError<"could not find the relation between collection_items and videos">; }' is not assignable to type '{ video: YouTubeLensVideo; }'.
      Types of property 'video' are incompatible.
        Type '{ error: true; } & String' is missing the following properties from type 'YouTubeLensVideo': id, video_id, title, description, and 13 more.
src/lib/youtube/monitoring.ts(442,60): error TS2769: No overload matches this call.
  Overload 1 of 2, '(values: { alert_type: string; created_at?: string | null | undefined; entity_id?: string | null | undefined; entity_name?: string | null | undefined; entity_type?: string | null | undefined; ... 13 more ...; user_id: string; }, options?: { ...; } | undefined): PostgrestFilterBuilder<...>', gave the following error.
    Argument of type '{ rule_id: string; user_id: string; entity_id: string | null; entity_type: string | null; alert_type: string; title: string; message: string; severity: AlertSeverity; metric_data: Record<...> | null; triggered_value: number | null; is_read: boolean; created_at: string; }[]' is not assignable to parameter of type '{ alert_type: string; created_at?: string | null | undefined; entity_id?: string | null | undefined; entity_name?: string | null | undefined; entity_type?: string | null | undefined; ... 13 more ...; user_id: string; }'.
      Type '{ rule_id: string; user_id: string; entity_id: string | null; entity_type: string | null; alert_type: string; title: string; message: string; severity: AlertSeverity; metric_data: Record<...> | null; triggered_value: number | null; is_read: boolean; created_at: string; }[]' is missing the following properties from type '{ alert_type: string; created_at?: string | null | undefined; entity_id?: string | null | undefined; entity_name?: string | null | undefined; entity_type?: string | null | undefined; ... 13 more ...; user_id: string; }': alert_type, message, rule_id, title, user_id
  Overload 2 of 2, '(values: { alert_type: string; created_at?: string | null | undefined; entity_id?: string | null | undefined; entity_name?: string | null | undefined; entity_type?: string | null | undefined; ... 13 more ...; user_id: string; }[], options?: { ...; } | undefined): PostgrestFilterBuilder<...>', gave the following error.
    Argument of type '{ rule_id: string; user_id: string; entity_id: string | null; entity_type: string | null; alert_type: string; title: string; message: string; severity: AlertSeverity; metric_data: Record<...> | null; triggered_value: number | null; is_read: boolean; created_at: string; }[]' is not assignable to parameter of type '{ alert_type: string; created_at?: string | null | undefined; entity_id?: string | null | undefined; entity_name?: string | null | undefined; entity_type?: string | null | undefined; ... 13 more ...; user_id: string; }[]'.
      Type '{ rule_id: string; user_id: string; entity_id: string | null; entity_type: string | null; alert_type: string; title: string; message: string; severity: AlertSeverity; metric_data: Record<...> | null; triggered_value: number | null; is_read: boolean; created_at: string; }' is not assignable to type '{ alert_type: string; created_at?: string | null | undefined; entity_id?: string | null | undefined; entity_name?: string | null | undefined; entity_type?: string | null | undefined; ... 13 more ...; user_id: string; }'.
        Types of property 'metric_data' are incompatible.
          Type 'Record<string, unknown> | null' is not assignable to type 'Json | undefined'.
            Type 'Record<string, unknown>' is not assignable to type 'Json | undefined'.
              Type 'Record<string, unknown>' is missing the following properties from type 'Json[]': length, pop, push, concat, and 35 more.
src/lib/youtube/monitoring.ts(516,41): error TS2345: Argument of type '(fc: FolderChannel) => void' is not assignable to parameter of type '(value: FolderChannel, index: number, array: FolderChannel[]) => void'.
  Types of parameters 'fc' and 'value' are incompatible.
    Type 'import("C:/My_Claude_Project/9.Dhacle/src/types/index").FolderChannel' is not assignable to type 'FolderChannel'.
      Index signature for type 'string' is missing in type 'FolderChannel'.
src/lib/youtube/monitoring.ts(517,29): error TS2345: Argument of type 'string | undefined' is not assignable to parameter of type 'string'.
  Type 'undefined' is not assignable to type 'string'.
src/lib/youtube/pubsub.ts(532,27): error TS2769: No overload matches this call.
  Overload 1 of 2, '(relation: "adminnotifications" | "alert_rules" | "alerts" | "analytics_logs" | "analyticslogs" | "api_usage" | "badges" | "channel_subscriptions" | "channels" | "channelsubscriptions" | ... 49 more ... | "youtube_search_history"): PostgrestQueryBuilder<...>', gave the following error.
    Argument of type '"subscriptionLogs"' is not assignable to parameter of type '"adminnotifications" | "alert_rules" | "alerts" | "analytics_logs" | "analyticslogs" | "api_usage" | "badges" | "channel_subscriptions" | "channels" | "channelsubscriptions" | ... 49 more ... | "youtube_search_history"'.
  Overload 2 of 2, '(relation: "profiles"): PostgrestQueryBuilder<{ Tables: { adminnotifications: { Row: { assigned_to: string | null; created_at: string; created_by: string | null; data: Json; id: string; is_read: boolean | null; ... 8 more ...; updated_at: string; }; Insert: { ...; }; Update: { ...; }; Relationships: []; }; ... 58 more ...; youtube_search_history: { ...; }; }; Views: { ...; }; Functions: { ...; }; Enums: {}; CompositeTypes: {}; }, { ...; }, "profiles", []>', gave the following error.
    Argument of type '"subscriptionLogs"' is not assignable to parameter of type '"profiles"'.
src/lib/youtube/queue-manager.ts(205,53): error TS2339: Property 'id' does not exist on type 'YouTubeJobData'.
